[debug] [2024-07-04T06:50:08.623Z] ----------------------------------------------------------------------
[debug] [2024-07-04T06:50:08.626Z] Command:       /home/theta/.nvm/versions/node/v22.4.0/bin/node /home/theta/.nvm/versions/node/v22.4.0/bin/firebase init
[debug] [2024-07-04T06:50:08.627Z] CLI Version:   13.13.0
[debug] [2024-07-04T06:50:08.627Z] Platform:      linux
[debug] [2024-07-04T06:50:08.627Z] Node Version:  v22.4.0
[debug] [2024-07-04T06:50:08.627Z] Time:          Thu Jul 04 2024 07:50:08 GMT+0100 (West Africa Standard Time)
[debug] [2024-07-04T06:50:08.627Z] ----------------------------------------------------------------------
[debug] 
[debug] [2024-07-04T06:50:08.729Z] > command requires scopes: ["email","openid","https://www.googleapis.com/auth/cloudplatformprojects.readonly","https://www.googleapis.com/auth/firebase","https://www.googleapis.com/auth/cloud-platform"]
[debug] [2024-07-04T06:50:08.730Z] > authorizing via signed-in user (atabanggroup@gmail.com)
[info] 
     ######## #### ########  ######## ########     ###     ######  ########
     ##        ##  ##     ## ##       ##     ##  ##   ##  ##       ##
     ######    ##  ########  ######   ########  #########  ######  ######
     ##        ##  ##    ##  ##       ##     ## ##     ##       ## ##
     ##       #### ##     ## ######## ########  ##     ##  ######  ########

You're about to initialize a Firebase project in this directory:

  /home/theta/Documents/REACT PROJECTS/STARRIK/starrik

Before we get started, keep in mind:

  * You are initializing within an existing Firebase project directory

[info] 
=== Project Setup
[info] 
[info] First, let's associate this project directory with a Firebase project.
[info] You can create multiple project aliases by running firebase use --add, 
[info] but for now we'll just set up a default project.
[info] 
[debug] [2024-07-04T06:50:16.235Z] Using project from CLI flag: starrik-945ee
[debug] [2024-07-04T06:50:16.238Z] >>> [apiv2][query] GET https://firebase.googleapis.com/v1beta1/projects/starrik-945ee [none]
[debug] [2024-07-04T06:50:17.069Z] <<< [apiv2][status] GET https://firebase.googleapis.com/v1beta1/projects/starrik-945ee 200
[debug] [2024-07-04T06:50:17.069Z] <<< [apiv2][body] GET https://firebase.googleapis.com/v1beta1/projects/starrik-945ee {"projectId":"starrik-945ee","projectNumber":"142322441015","displayName":"starrik","name":"projects/starrik-945ee","resources":{"hostingSite":"starrik-945ee"},"state":"ACTIVE","etag":"1_b7bf3716-1cd7-4859-8e9c-a09aafb190af"}
[info] i  Using project starrik-945ee (starrik) 
[info] 
=== Hosting Setup
[debug] [2024-07-04T06:50:17.113Z] >>> [apiv2][query] GET https://firebase.googleapis.com/v1beta1/projects/starrik-945ee [none]
[debug] [2024-07-04T06:50:17.396Z] <<< [apiv2][status] GET https://firebase.googleapis.com/v1beta1/projects/starrik-945ee 200
[debug] [2024-07-04T06:50:17.396Z] <<< [apiv2][body] GET https://firebase.googleapis.com/v1beta1/projects/starrik-945ee {"projectId":"starrik-945ee","projectNumber":"142322441015","displayName":"starrik","name":"projects/starrik-945ee","resources":{"hostingSite":"starrik-945ee"},"state":"ACTIVE","etag":"1_b7bf3716-1cd7-4859-8e9c-a09aafb190af"}
[info] 
[info] Your public directory is the folder (relative to your project directory) that
[info] will contain Hosting assets to be uploaded with firebase deploy. If you
[info] have a build process for your assets, use your build's output directory.
[info] 
